<?xml version="1.0" encoding="UTF-8"?>
<!-- Generated by org.testng.reporters.JUnitReportReporter -->
<testsuite hostname="DESKTOP-VC14B0M" failures="0" tests="1" name="restAssuredCrudOPeration.GetSingleProjectTest" time="2.046" errors="0" timestamp="2022-09-07T15:20:04 IST" skipped="0">
  <testcase classname="restAssuredCrudOPeration.GetSingleProjectTest" name="getSingleProject" time="2.046"/>
  <system-out/>
</testsuite> <!-- restAssuredCrudOPeration.GetSingleProjectTest -->
