<?xml version="1.0" encoding="UTF-8"?>
<!-- Generated by org.testng.reporters.JUnitReportReporter -->
<testsuite hostname="DESKTOP-VC14B0M" failures="0" tests="1" name="crudOprationwithBdd.UpdateTheEntireProjectTest" time="2.612" errors="0" timestamp="2 Sep 2022 10:29:01 GMT">
  <testcase classname="crudOprationwithBdd.UpdateTheEntireProjectTest" name="updateEntireProject" time="2.612"/>
</testsuite> <!-- crudOprationwithBdd.UpdateTheEntireProjectTest -->
