<?xml version="1.0" encoding="UTF-8"?>
<!-- Generated by org.testng.reporters.JUnitReportReporter -->
<testsuite hostname="DESKTOP-VC14B0M" failures="0" tests="4" name="dataDrivenTesting.AddProjectUsingDataProviderTest" time="1.697" errors="0" timestamp="3 Sep 2022 07:32:09 GMT">
  <testcase classname="dataDrivenTesting.AddProjectUsingDataProviderTest" name="addProjectTest" time="0.021"/>
  <testcase classname="dataDrivenTesting.AddProjectUsingDataProviderTest" name="addProjectTest" time="0.026"/>
  <testcase classname="dataDrivenTesting.AddProjectUsingDataProviderTest" name="addProjectTest" time="1.624"/>
  <testcase classname="dataDrivenTesting.AddProjectUsingDataProviderTest" name="addProjectTest" time="0.026"/>
</testsuite> <!-- dataDrivenTesting.AddProjectUsingDataProviderTest -->
