<?xml version="1.0" encoding="UTF-8"?>
<!-- Generated by org.testng.reporters.JUnitReportReporter -->
<testsuite hostname="DESKTOP-VC14B0M" failures="0" tests="1" name="restAssuredCrudOPeration.GetAllProjectTest" time="1.753" errors="0" timestamp="2022-09-07T14:55:58 IST" skipped="0">
  <testcase classname="restAssuredCrudOPeration.GetAllProjectTest" name="getSingleProject" time="1.753"/>
  <system-out/>
</testsuite> <!-- restAssuredCrudOPeration.GetAllProjectTest -->
