<?xml version="1.0" encoding="UTF-8"?>
<!-- Generated by org.testng.reporters.JUnitReportReporter -->
<testsuite hostname="DESKTOP-VC14B0M" failures="0" tests="1" name="com.crudOperationWithoutBDD.GetSingleeProjectTest" time="2.320" errors="0" timestamp="5 Sep 2022 09:11:58 GMT">
  <testcase classname="com.crudOperationWithoutBDD.GetSingleeProjectTest" name="getSingleProjects" time="2.320"/>
</testsuite> <!-- com.crudOperationWithoutBDD.GetSingleeProjectTest -->
