<?xml version="1.0" encoding="UTF-8"?>
<!-- Generated by org.testng.reporters.JUnitReportReporter -->
<testsuite hostname="DESKTOP-VC14B0M" failures="0" tests="1" name="com.crudOperationWithoutBDD.AddProjectTest" time="2.822" errors="0" timestamp="5 Sep 2022 09:12:47 GMT">
  <testcase classname="com.crudOperationWithoutBDD.AddProjectTest" name="create" time="2.822"/>
</testsuite> <!-- com.crudOperationWithoutBDD.AddProjectTest -->
