<?xml version="1.0" encoding="UTF-8"?>
<!-- Generated by org.testng.reporters.JUnitReportReporter -->
<testsuite hostname="DESKTOP-VC14B0M" failures="0" tests="1" name="authorization.Oath2_Toiletseat_DownTest" time="4.211" errors="0" timestamp="2022-09-06T15:33:48 IST" skipped="0">
  <testcase classname="authorization.Oath2_Toiletseat_DownTest" name="oauth2Toiletseat" time="4.211"/>
  <system-out/>
</testsuite> <!-- authorization.Oath2_Toiletseat_DownTest -->
