<?xml version="1.0" encoding="UTF-8"?>
<!-- Generated by org.testng.reporters.JUnitReportReporter -->
<testsuite hostname="DESKTOP-VC14B0M" failures="0" tests="1" name="crudOprationwithBdd.DeleteProjectTest" time="1.931" errors="0" timestamp="2 Sep 2022 10:38:45 GMT">
  <testcase classname="crudOprationwithBdd.DeleteProjectTest" name="deleteProject" time="1.931"/>
</testsuite> <!-- crudOprationwithBdd.DeleteProjectTest -->
