<?xml version="1.0" encoding="UTF-8"?>
<!-- Generated by org.testng.reporters.JUnitReportReporter -->
<testsuite hostname="DESKTOP-VC14B0M" failures="0" tests="1" name="com.crudOperationWithoutBDD.DeleteProjectTest" time="1.143" errors="0" timestamp="1 Sep 2022 12:24:01 GMT">
  <testcase classname="com.crudOperationWithoutBDD.DeleteProjectTest" name="deleteParticularProject" time="1.143"/>
</testsuite> <!-- com.crudOperationWithoutBDD.DeleteProjectTest -->
