<?xml version="1.0" encoding="UTF-8"?>
<!-- Generated by org.testng.reporters.JUnitReportReporter -->
<testsuite hostname="DESKTOP-VC14B0M" failures="0" tests="1" name="pathParameter.PathParameterGetRequestTest" time="2.429" errors="0" timestamp="2022-09-06T12:10:41 IST" skipped="0">
  <testcase classname="pathParameter.PathParameterGetRequestTest" name="pathParameterGetRequest" time="2.429"/>
  <system-out/>
</testsuite> <!-- pathParameter.PathParameterGetRequestTest -->
