<?xml version="1.0" encoding="UTF-8"?>
<!-- Generated by org.testng.reporters.JUnitReportReporter -->
<testsuite hostname="DESKTOP-VC14B0M" failures="0" tests="1" name="differentWaysToPost.AddProjectUsingJsonFile" time="1.270" errors="0" timestamp="3 Sep 2022 05:40:19 GMT">
  <testcase classname="differentWaysToPost.AddProjectUsingJsonFile" name="addProjectUsingJsonFile" time="1.270"/>
</testsuite> <!-- differentWaysToPost.AddProjectUsingJsonFile -->
