<?xml version="1.0" encoding="UTF-8"?>
<!-- Generated by org.testng.reporters.JUnitReportReporter -->
<testsuite hostname="DESKTOP-VC14B0M" failures="0" tests="1" name="authorization.Oauth2_Chickens_FeedTest" time="4.641" errors="0" timestamp="2022-09-06T15:49:43 IST" skipped="0">
  <testcase classname="authorization.Oauth2_Chickens_FeedTest" name="oauth2ChickensFeed" time="4.641"/>
  <system-out/>
</testsuite> <!-- authorization.Oauth2_Chickens_FeedTest -->
