<?xml version="1.0" encoding="UTF-8"?>
<!-- Generated by org.testng.reporters.JUnitReportReporter -->
<testsuite hostname="DESKTOP-VC14B0M" failures="0" tests="1" name="validation.DynamicResponseValidationTest" time="3.178" errors="0" timestamp="2022-09-07T16:18:37 IST" skipped="0">
  <testcase classname="validation.DynamicResponseValidationTest" name="dynamicResponse" time="3.178"/>
  <system-out/>
</testsuite> <!-- validation.DynamicResponseValidationTest -->
