<?xml version="1.0" encoding="UTF-8"?>
<!-- Generated by org.testng.reporters.JUnitReportReporter -->
<testsuite hostname="DESKTOP-VC14B0M" failures="0" tests="1" name="restAssuredCrudOPeration.EndToEndScenarioTest" time="2.655" errors="0" timestamp="2022-09-07T15:59:19 IST" skipped="0">
  <testcase classname="restAssuredCrudOPeration.EndToEndScenarioTest" name="endToendScenario" time="2.655"/>
  <system-out/>
</testsuite> <!-- restAssuredCrudOPeration.EndToEndScenarioTest -->
