<?xml version="1.0" encoding="UTF-8"?>
<!-- Generated by org.testng.reporters.JUnitReportReporter -->
<testsuite hostname="DESKTOP-VC14B0M" failures="0" tests="1" name="requestChaining.RquestChainingPostAndPut" time="2.711" errors="0" timestamp="2022-09-06T10:23:09 IST" skipped="0">
  <testcase classname="requestChaining.RquestChainingPostAndPut" name="requestChainPostAndPatch" time="2.711"/>
  <system-out/>
</testsuite> <!-- requestChaining.RquestChainingPostAndPut -->
