<?xml version="1.0" encoding="UTF-8"?>
<!-- Generated by org.testng.reporters.JUnitReportReporter -->
<testsuite hostname="DESKTOP-VC14B0M" failures="0" tests="3" name="authorization.BasicAuthTest" time="3.167" errors="0" timestamp="2022-09-06T12:40:32 IST" skipped="0">
  <testcase classname="authorization.BasicAuthTest" name="preemptiveauth" time="0.149"/>
  <system-out/>
  <testcase classname="authorization.BasicAuthTest" name="digestiveAuth" time="0.128"/>
  <system-out/>
  <testcase classname="authorization.BasicAuthTest" name="basicAuth" time="2.890"/>
  <system-out/>
</testsuite> <!-- authorization.BasicAuthTest -->
