<?xml version="1.0" encoding="UTF-8"?>
<!-- Generated by org.testng.reporters.JUnitReportReporter -->
<testsuite hostname="DESKTOP-VC14B0M" failures="0" tests="1" name="validation.StaticResponseValidationTest" time="3.217" errors="0" timestamp="2022-09-07T16:12:44 IST" skipped="0">
  <testcase classname="validation.StaticResponseValidationTest" name="staticResponseGet" time="3.217"/>
  <system-out/>
</testsuite> <!-- validation.StaticResponseValidationTest -->
