<?xml version="1.0" encoding="UTF-8"?>
<!-- Generated by org.testng.reporters.JUnitReportReporter -->
<testsuite hostname="DESKTOP-VC14B0M" failures="0" tests="1" name="com.crudOperationWithoutBDD.getSingleProjectTest" time="1.167" errors="0" timestamp="1 Sep 2022 12:26:42 GMT">
  <testcase classname="com.crudOperationWithoutBDD.getSingleProjectTest" name="getSingleProject" time="1.167"/>
</testsuite> <!-- com.crudOperationWithoutBDD.getSingleProjectTest -->
