<?xml version="1.0" encoding="UTF-8"?>
<!-- Generated by org.testng.reporters.JUnitReportReporter -->
<testsuite hostname="DESKTOP-VC14B0M" failures="0" tests="1" name="crudOprationwithBdd.GetSingleProjectTest" time="2.197" errors="0" timestamp="2 Sep 2022 10:12:19 GMT">
  <testcase classname="crudOprationwithBdd.GetSingleProjectTest" name="getSingleProject" time="2.197"/>
</testsuite> <!-- crudOprationwithBdd.GetSingleProjectTest -->
