<?xml version="1.0" encoding="UTF-8"?>
<!-- Generated by org.testng.reporters.JUnitReportReporter -->
<testsuite hostname="DESKTOP-VC14B0M" failures="0" tests="1" name="authorization.Oath2Test" time="3.592" errors="0" timestamp="2022-09-06T15:20:21 IST" skipped="0">
  <testcase classname="authorization.Oath2Test" name="oauth2Validation" time="3.592"/>
  <system-out/>
</testsuite> <!-- authorization.Oath2Test -->
