<?xml version="1.0" encoding="UTF-8"?>
<!-- Generated by org.testng.reporters.JUnitReportReporter -->
<testsuite hostname="DESKTOP-VC14B0M" failures="0" tests="1" name="requestChaining.RequestChainingUsingPathParameterForPostAndGetTest" time="2.095" errors="0" timestamp="2022-09-06T10:58:57 IST" skipped="0">
  <testcase classname="requestChaining.RequestChainingUsingPathParameterForPostAndGetTest" name="requestChainingUsingPathParam" time="2.095"/>
  <system-out/>
</testsuite> <!-- requestChaining.RequestChainingUsingPathParameterForPostAndGetTest -->
