<?xml version="1.0" encoding="UTF-8"?>
<!-- Generated by org.testng.reporters.JUnitReportReporter -->
<testsuite hostname="DESKTOP-VC14B0M" failures="0" tests="1" name="com.crudOperationWithoutBDD.GetAllProjectTest" time="2.212" errors="0" timestamp="5 Sep 2022 09:12:17 GMT">
  <testcase classname="com.crudOperationWithoutBDD.GetAllProjectTest" name="getAllProject" time="2.212"/>
</testsuite> <!-- com.crudOperationWithoutBDD.GetAllProjectTest -->
