<?xml version="1.0" encoding="UTF-8"?>
<!-- Generated by org.testng.reporters.JUnitReportReporter -->
<testsuite hostname="DESKTOP-VC14B0M" failures="0" tests="1" name="requestChaining.RequestChainingUsingPathParameterTest" time="2.414" errors="0" timestamp="2022-09-05T16:33:28 IST" skipped="0">
  <testcase classname="requestChaining.RequestChainingUsingPathParameterTest" name="requestChainingUsingPathParam" time="2.414"/>
  <system-out/>
</testsuite> <!-- requestChaining.RequestChainingUsingPathParameterTest -->
