<?xml version="1.0" encoding="UTF-8"?>
<!-- Generated by org.testng.reporters.JUnitReportReporter -->
<testsuite hostname="DESKTOP-VC14B0M" failures="0" tests="1" name="requestChaining.RequestChainingGetDelete" time="2.091" errors="0" timestamp="2022-09-06T10:15:00 IST" skipped="0">
  <testcase classname="requestChaining.RequestChainingGetDelete" name="requestChainingGet$Delete" time="2.091"/>
  <system-out/>
</testsuite> <!-- requestChaining.RequestChainingGetDelete -->
