<?xml version="1.0" encoding="UTF-8"?>
<!-- Generated by org.testng.reporters.JUnitReportReporter -->
<testsuite hostname="DESKTOP-VC14B0M" failures="0" tests="1" name="crudOprationwithBdd.AddProjectTest" time="2.443" errors="0" timestamp="2022-09-05T16:11:35 IST" skipped="0">
  <testcase classname="crudOprationwithBdd.AddProjectTest" name="createProject" time="2.443"/>
  <system-out/>
</testsuite> <!-- crudOprationwithBdd.AddProjectTest -->
