<?xml version="1.0" encoding="UTF-8"?>
<!-- Generated by org.testng.reporters.JUnitReportReporter -->
<testsuite hostname="DESKTOP-VC14B0M" failures="0" tests="1" name="validation.TimeValidationTest" time="2.768" errors="0" timestamp="2022-09-05T15:27:31 IST" skipped="0">
  <testcase classname="validation.TimeValidationTest" name="timeValidationt" time="2.768"/>
  <system-out/>
</testsuite> <!-- validation.TimeValidationTest -->
