<?xml version="1.0" encoding="UTF-8"?>
<!-- Generated by org.testng.reporters.JUnitReportReporter -->
<testsuite hostname="DESKTOP-VC14B0M" failures="0" tests="1" name="restAssuredCrudOPeration.DeleteProjectTest" time="1.534" errors="0" timestamp="2022-09-07T15:33:12 IST" skipped="0">
  <testcase classname="restAssuredCrudOPeration.DeleteProjectTest" name="deleteProject" time="1.534"/>
  <system-out/>
</testsuite> <!-- restAssuredCrudOPeration.DeleteProjectTest -->
