<?xml version="1.0" encoding="UTF-8"?>
<!-- Generated by org.testng.reporters.JUnitReportReporter -->
<testsuite hostname="DESKTOP-VC14B0M" failures="0" tests="1" name="queryParameter.queryParameterTest" time="3.121" errors="0" timestamp="2022-09-06T14:36:13 IST" skipped="0">
  <testcase classname="queryParameter.queryParameterTest" name="queryParam" time="3.121"/>
  <system-out/>
</testsuite> <!-- queryParameter.queryParameterTest -->
