<?xml version="1.0" encoding="UTF-8"?>
<!-- Generated by org.testng.reporters.JUnitReportReporter -->
<testsuite hostname="DESKTOP-VC14B0M" failures="0" tests="4" name="dataDrivenTesting.AddProjectUsingDataProviderHardCodeTest" time="3.291" errors="0" timestamp="2022-09-06T18:38:01 IST" skipped="0">
  <testcase classname="dataDrivenTesting.AddProjectUsingDataProviderHardCodeTest" name="addProjectTest" time="0.032"/>
  <system-out/>
  <testcase classname="dataDrivenTesting.AddProjectUsingDataProviderHardCodeTest" name="addProjectTest" time="0.037"/>
  <system-out/>
  <testcase classname="dataDrivenTesting.AddProjectUsingDataProviderHardCodeTest" name="addProjectTest" time="3.188"/>
  <system-out/>
  <testcase classname="dataDrivenTesting.AddProjectUsingDataProviderHardCodeTest" name="addProjectTest" time="0.034"/>
  <system-out/>
</testsuite> <!-- dataDrivenTesting.AddProjectUsingDataProviderHardCodeTest -->
