<?xml version="1.0" encoding="UTF-8"?>
<!-- Generated by org.testng.reporters.JUnitReportReporter -->
<testsuite hostname="DESKTOP-VC14B0M" failures="0" tests="1" name="differentWaysToPost.AddProjectUsingJsonObject" time="1.748" errors="0" timestamp="3 Sep 2022 04:43:09 GMT">
  <testcase classname="differentWaysToPost.AddProjectUsingJsonObject" name="createProjectUsingJsonObject" time="1.748"/>
</testsuite> <!-- differentWaysToPost.AddProjectUsingJsonObject -->
