<?xml version="1.0" encoding="UTF-8"?>
<!-- Generated by org.testng.reporters.JUnitReportReporter -->
<testsuite hostname="DESKTOP-VC14B0M" failures="0" tests="1" name="authorization.BearerTokenAuthTest" time="2.784" errors="0" timestamp="2022-09-06T14:28:02 IST" skipped="0">
  <testcase classname="authorization.BearerTokenAuthTest" name="bearerTokenAuth" time="2.784"/>
  <system-out/>
</testsuite> <!-- authorization.BearerTokenAuthTest -->
