<?xml version="1.0" encoding="UTF-8"?>
<!-- Generated by org.testng.reporters.JUnitReportReporter -->
<testsuite hostname="DESKTOP-VC14B0M" failures="0" tests="1" name="restAssuredCrudOPeration.AddProjectTest" time="1.494" errors="0" timestamp="2022-09-07T14:51:01 IST" skipped="0">
  <testcase classname="restAssuredCrudOPeration.AddProjectTest" name="addProject" time="1.494"/>
  <system-out/>
</testsuite> <!-- restAssuredCrudOPeration.AddProjectTest -->
