<?xml version="1.0" encoding="UTF-8"?>
<!-- Generated by org.testng.reporters.JUnitReportReporter -->
<testsuite hostname="DESKTOP-VC14B0M" failures="0" tests="1" name="differentWaysToPost.AddProjectUsingHashMap" time="2.796" errors="0" timestamp="2022-09-05T15:15:08 IST" skipped="0">
  <testcase classname="differentWaysToPost.AddProjectUsingHashMap" name="addProjectUsingHashMap" time="2.796"/>
  <system-out/>
</testsuite> <!-- differentWaysToPost.AddProjectUsingHashMap -->
