<?xml version="1.0" encoding="UTF-8"?>
<!-- Generated by org.testng.reporters.JUnitReportReporter -->
<testsuite hostname="DESKTOP-VC14B0M" failures="0" tests="1" name="crudOprationwithBdd.GetAllProjectTest" time="2.665" errors="0" timestamp="2 Sep 2022 10:39:56 GMT">
  <testcase classname="crudOprationwithBdd.GetAllProjectTest" name="getAllProject" time="2.665"/>
</testsuite> <!-- crudOprationwithBdd.GetAllProjectTest -->
